<?xml version="1.0" encoding="UTF-8"?>
<!-- Generated by org.testng.reporters.JUnitXMLReporter -->
<testsuite hostname="IT364925" ignored="0" name="Default test" tests="8" failures="0" timestamp="06 Nov 2018 23:47:22 GMT" time="303.613" errors="0">
  <testcase name="switch_To_window_test" time="2.631" classname="com.uoa.qa.minc.testcase.MincAddToCartTest"/>
  <testcase name="add_To_Cart_test" time="62.265" classname="com.uoa.qa.minc.testcase.MincAddToCartTest"/>
  <testcase name="add_To_Cart_test" time="79.341" classname="com.uoa.qa.minc.testcase.MincAddToCartTest"/>
  <testcase name="add_To_Cart_test" time="110.093" classname="com.uoa.qa.minc.testcase.MincAddToCartTest"/>
  <testcase name="add_To_Cart_test" time="0.001" classname="com.uoa.qa.minc.testcase.MincAddToCartTest"/>
  <testcase name="add_To_Cart_test" time="0.001" classname="com.uoa.qa.minc.testcase.MincAddToCartTest"/>
  <testcase name="complete_Order_test" time="20.874" classname="com.uoa.qa.minc.testcase.MincAddToCartTest"/>
  <testcase name="send_Email_test" time="3.59" classname="com.uoa.qa.minc.testcase.MincAddToCartTest"/>
</testsuite> <!-- Default test -->
